<?xml version="1.0" encoding="UTF-8"?>
<!-- Generated by org.testng.reporters.JUnitReportReporter -->
<testsuite hostname="admin-" name="Test.LoginTest" tests="1" failures="0" timestamp="9 Aug 2014 09:55:34 GMT" time="13.451" errors="0">
  <testcase name="FlipkartUserLoginTest" time="13.451" classname="Test.LoginTest"/>
</testsuite> <!-- Test.LoginTest -->
