<?xml version="1.0" encoding="UTF-8"?>
<!-- Generated by org.testng.reporters.JUnitReportReporter -->
<testsuite hostname="admin-" name="Test.Test1" tests="1" failures="0" timestamp="5 Jul 2014 16:26:05 GMT" time="16.930" errors="0">
  <testcase name="PageElementListTest" time="16.930" classname="Test.Test1"/>
</testsuite> <!-- Test.Test1 -->
