<?xml version="1.0" encoding="UTF-8"?>
<!-- Generated by org.testng.reporters.JUnitReportReporter -->
<testsuite hostname="admin-" name="Test.OfferZoneTest" tests="1" failures="0" timestamp="9 Aug 2014 09:55:34 GMT" time="10.189" errors="0">
  <testcase name="DailyOfferTest" time="10.189" classname="Test.OfferZoneTest"/>
</testsuite> <!-- Test.OfferZoneTest -->
